<?xml version="1.0" encoding="utf-8" standalone="no"?>
<test-run id="2" testcasecount="1" result="Passed" total="1" passed="1" failed="0" inconclusive="0" skipped="0" asserts="2" engine-version="3.0.5813.39036" clr-version="4.0.30319.42000" start-time="2015-12-08 07:01:57Z" end-time="2015-12-08 07:01:57Z" duration="0.065796">
  <command-line><![CDATA[..\..\..\packages\NUnit.Console.3.0.1\tools\nunit3-console.exe SampleApp.Core.NUnit.Tests.dll]]></command-line>
  <test-suite type="Assembly" id="0-1002" name="SampleApp.Core.NUnit.Tests.dll" fullname="C:\Projects\__Git\Labs\BuildLabs\src\SampleApp.Core.NUnit.Tests\bin\Debug\SampleApp.Core.NUnit.Tests.dll" runstate="Runnable" testcasecount="1" result="Passed" start-time="2015-12-08 07:01:57Z" end-time="2015-12-08 07:01:57Z" duration="0.027429" total="1" passed="1" failed="0" inconclusive="0" skipped="0" asserts="2">
    <environment framework-version="3.0.5813.39031" clr-version="4.0.30319.42000" os-version="Microsoft Windows NT 10.0.10240.0" platform="Win32NT" cwd="C:\Projects\__Git\Labs\BuildLabs\src\SampleApp.Core.NUnit.Tests\bin\Debug" machine-name="AHMED-PC" user="admin" user-domain="Ahmed-PC" culture="en-US" uiculture="en-US" os-architecture="x64" />
    <settings>
      <setting name="WorkDirectory" value="C:\Projects\__Git\Labs\BuildLabs\src\SampleApp.Core.NUnit.Tests\bin\Debug" />
      <setting name="NumberOfTestWorkers" value="8" />
    </settings>
    <properties>
      <property name="_PID" value="24696" />
      <property name="_APPDOMAIN" value="test-domain-" />
    </properties>
    <test-suite type="TestSuite" id="0-1003" name="SampleApp" fullname="SampleApp" runstate="Runnable" testcasecount="1" result="Passed" start-time="2015-12-08 07:01:57Z" end-time="2015-12-08 07:01:57Z" duration="0.021096" total="1" passed="1" failed="0" inconclusive="0" skipped="0" asserts="2">
      <test-suite type="TestSuite" id="0-1004" name="Core" fullname="SampleApp.Core" runstate="Runnable" testcasecount="1" result="Passed" start-time="2015-12-08 07:01:57Z" end-time="2015-12-08 07:01:57Z" duration="0.021024" total="1" passed="1" failed="0" inconclusive="0" skipped="0" asserts="2">
        <test-suite type="TestSuite" id="0-1005" name="NUnit" fullname="SampleApp.Core.NUnit" runstate="Runnable" testcasecount="1" result="Passed" start-time="2015-12-08 07:01:57Z" end-time="2015-12-08 07:01:57Z" duration="0.021018" total="1" passed="1" failed="0" inconclusive="0" skipped="0" asserts="2">
          <test-suite type="TestSuite" id="0-1006" name="Tests" fullname="SampleApp.Core.NUnit.Tests" runstate="Runnable" testcasecount="1" result="Passed" start-time="2015-12-08 07:01:57Z" end-time="2015-12-08 07:01:57Z" duration="0.021007" total="1" passed="1" failed="0" inconclusive="0" skipped="0" asserts="2">
            <test-suite type="TestFixture" id="0-1000" name="GreeterTests" fullname="SampleApp.Core.NUnit.Tests.GreeterTests" classname="SampleApp.Core.NUnit.Tests.GreeterTests" runstate="Runnable" testcasecount="1" result="Passed" start-time="2015-12-08 07:01:57Z" end-time="2015-12-08 07:01:57Z" duration="0.019609" total="1" passed="1" failed="0" inconclusive="0" skipped="0" asserts="2">
              <test-case id="0-1001" name="Greet_ValidName_ShouldReturnGreetingMessage" fullname="SampleApp.Core.NUnit.Tests.GreeterTests.Greet_ValidName_ShouldReturnGreetingMessage" methodname="Greet_ValidName_ShouldReturnGreetingMessage" classname="SampleApp.Core.NUnit.Tests.GreeterTests" runstate="Runnable" seed="798259755" result="Passed" start-time="2015-12-08 07:01:57Z" end-time="2015-12-08 07:01:57Z" duration="0.012937" asserts="2" />
            </test-suite>
          </test-suite>
        </test-suite>
      </test-suite>
    </test-suite>
  </test-suite>
</test-run>