<?xml version="1.0" encoding="utf-8" standalone="no"?>
<test-run id="2" testcasecount="1" result="Passed" total="1" passed="1" failed="0" inconclusive="0" skipped="0" asserts="0" engine-version="3.0.5813.39036" clr-version="4.0.30319.42000" start-time="2015-12-08 07:01:58Z" end-time="2015-12-08 07:01:58Z" duration="0.061503">
  <command-line><![CDATA[..\..\..\packages\NUnit.Console.3.0.1\tools\nunit3-console.exe SampleApp.Core.Tests.dll]]></command-line>
  <test-suite type="Assembly" id="0-1002" name="SampleApp.Core.Tests.dll" fullname="C:\Projects\__Git\Labs\BuildLabs\src\SampleApp.Core.Tests\bin\Debug\SampleApp.Core.Tests.dll" runstate="Runnable" testcasecount="1" result="Passed" start-time="2015-12-08 07:01:58Z" end-time="2015-12-08 07:01:58Z" duration="0.024857" total="1" passed="1" failed="0" inconclusive="0" skipped="0" asserts="0">
    <environment framework-version="3.0.5813.39031" clr-version="4.0.30319.42000" os-version="Microsoft Windows NT 10.0.10240.0" platform="Win32NT" cwd="C:\Projects\__Git\Labs\BuildLabs\src\SampleApp.Core.Tests\bin\Debug" machine-name="AHMED-PC" user="admin" user-domain="Ahmed-PC" culture="en-US" uiculture="en-US" os-architecture="x64" />
    <settings>
      <setting name="WorkDirectory" value="C:\Projects\__Git\Labs\BuildLabs\src\SampleApp.Core.Tests\bin\Debug" />
      <setting name="NumberOfTestWorkers" value="8" />
    </settings>
    <properties>
      <property name="_PID" value="27588" />
      <property name="_APPDOMAIN" value="test-domain-" />
    </properties>
    <test-suite type="TestSuite" id="0-1003" name="SampleApp" fullname="SampleApp" runstate="Runnable" testcasecount="1" result="Passed" start-time="2015-12-08 07:01:58Z" end-time="2015-12-08 07:01:58Z" duration="0.018400" total="1" passed="1" failed="0" inconclusive="0" skipped="0" asserts="0">
      <test-suite type="TestSuite" id="0-1004" name="Core" fullname="SampleApp.Core" runstate="Runnable" testcasecount="1" result="Passed" start-time="2015-12-08 07:01:58Z" end-time="2015-12-08 07:01:58Z" duration="0.018293" total="1" passed="1" failed="0" inconclusive="0" skipped="0" asserts="0">
        <test-suite type="TestSuite" id="0-1005" name="Tests" fullname="SampleApp.Core.Tests" runstate="Runnable" testcasecount="1" result="Passed" start-time="2015-12-08 07:01:58Z" end-time="2015-12-08 07:01:58Z" duration="0.018276" total="1" passed="1" failed="0" inconclusive="0" skipped="0" asserts="0">
          <test-suite type="TestFixture" id="0-1000" name="GreeterTests" fullname="SampleApp.Core.Tests.GreeterTests" classname="SampleApp.Core.Tests.GreeterTests" runstate="Runnable" testcasecount="1" result="Passed" start-time="2015-12-08 07:01:58Z" end-time="2015-12-08 07:01:58Z" duration="0.016522" total="1" passed="1" failed="0" inconclusive="0" skipped="0" asserts="0">
            <test-case id="0-1001" name="Greet_ValidName_ShouldReturnGreetingMessage" fullname="SampleApp.Core.Tests.GreeterTests.Greet_ValidName_ShouldReturnGreetingMessage" methodname="Greet_ValidName_ShouldReturnGreetingMessage" classname="SampleApp.Core.Tests.GreeterTests" runstate="Runnable" seed="798259755" result="Passed" start-time="2015-12-08 07:01:58Z" end-time="2015-12-08 07:01:58Z" duration="0.009728" asserts="0" />
          </test-suite>
        </test-suite>
      </test-suite>
    </test-suite>
  </test-suite>
</test-run>